-2.000000000000000000e+01
-2.897106846196699337e+00
0.000000000000000000e+00
-1.887718677018371594e+01
-2.000000000000000000e+01
-2.000000000000000000e+01
-2.000000000000000000e+01
-2.000000000000000000e+01
-2.000000000000000000e+01
-3.257898164072636771e+00
-2.000000000000000000e+01
-2.000000000000000000e+01
-2.000000000000000000e+01
-2.000000000000000000e+01
-2.000000000000000000e+01
-2.000000000000000000e+01
-2.000000000000000000e+01
0.000000000000000000e+00
-2.000000000000000000e+01
-6.857503992049233332e+00
-3.037571989011603080e+00
-1.252656423274905251e+01
-2.000000000000000000e+01
-7.542751617338797843e+00
-2.000000000000000000e+01
-2.000000000000000000e+01
-2.000000000000000000e+01
-2.000000000000000000e+01
-2.786473068184548207e+00
-1.925152653564749983e+01
-2.000000000000000000e+01
-6.788103125143951644e+00
0.000000000000000000e+00
-1.480886646412443142e+01
-1.480114796213951678e+01
-1.500780836219646641e+00
-2.000000000000000000e+01
-2.000000000000000000e+01
0.000000000000000000e+00
-1.766929330743730020e+01
-2.000000000000000000e+01
-2.000000000000000000e+01
-2.000000000000000000e+01
-2.000000000000000000e+01
-2.000000000000000000e+01
-2.000000000000000000e+01
-2.000000000000000000e+01
-2.000000000000000000e+01
-2.000000000000000000e+01
-5.981189359630875835e+00
0.000000000000000000e+00
-9.342520333994194459e+00
-2.000000000000000000e+01
-2.000000000000000000e+01
-2.000000000000000000e+01
-2.000000000000000000e+01
-2.000000000000000000e+01
-2.000000000000000000e+01
-2.000000000000000000e+01
-2.000000000000000000e+01
-1.533962075999654218e+01
-1.211074066592600929e+01
0.000000000000000000e+00
-9.623870344947476951e+00
-2.000000000000000000e+01
-2.000000000000000000e+01
-2.000000000000000000e+01
-2.000000000000000000e+01
-2.000000000000000000e+01
-2.000000000000000000e+01
-2.000000000000000000e+01
-2.000000000000000000e+01
