-2.000000000000000000e+01
-2.000000000000000000e+01
0.000000000000000000e+00
-8.946457115692084017e+00
-2.000000000000000000e+01
-2.000000000000000000e+01
-2.000000000000000000e+01
-2.000000000000000000e+01
-2.000000000000000000e+01
-5.342742567680293320e+00
-9.863067629577900064e+00
-1.769719701782456411e+01
-2.000000000000000000e+01
-2.000000000000000000e+01
-2.000000000000000000e+01
-2.000000000000000000e+01
-1.781807472202257614e+01
-7.277586395864243052e+00
-8.561133451274113071e+00
-1.046474336624357626e+01
-2.000000000000000000e+01
0.000000000000000000e+00
-2.000000000000000000e+01
-3.986338447586466494e+00
-8.259547906199312450e+00
-1.243056771456692822e+01
-2.000000000000000000e+01
-2.983885332557764780e+00
-2.000000000000000000e+01
-2.000000000000000000e+01
-2.000000000000000000e+01
-2.000000000000000000e+01
-2.000000000000000000e+01
-2.000000000000000000e+01
-2.000000000000000000e+01
-2.000000000000000000e+01
-1.412608681865540916e+01
-1.414996140950725589e+01
-2.000000000000000000e+01
-2.926164774394358847e+00
0.000000000000000000e+00
-2.000000000000000000e+01
-2.000000000000000000e+01
-2.730239486294176121e+00
-2.000000000000000000e+01
-2.000000000000000000e+01
-2.000000000000000000e+01
-2.000000000000000000e+01
-2.000000000000000000e+01
-2.000000000000000000e+01
-3.305340946632588928e+00
-2.000000000000000000e+01
-2.000000000000000000e+01
-2.000000000000000000e+01
-2.000000000000000000e+01
-2.000000000000000000e+01
-2.000000000000000000e+01
-2.000000000000000000e+01
-2.000000000000000000e+01
-2.000000000000000000e+01
-2.000000000000000000e+01
-2.000000000000000000e+01
0.000000000000000000e+00
-1.469187741310511797e+01
-2.000000000000000000e+01
-2.000000000000000000e+01
-7.513915701331431940e+00
-1.671533885292164001e+01
-2.000000000000000000e+01
-2.000000000000000000e+01
-2.000000000000000000e+01
-2.000000000000000000e+01
-2.000000000000000000e+01
-2.000000000000000000e+01
-2.000000000000000000e+01
-2.000000000000000000e+01
-2.000000000000000000e+01
-2.000000000000000000e+01
0.000000000000000000e+00
-7.875057893266723674e+00
-1.993257190615775443e+01
-1.339831435336561860e+01
-4.308129188483833083e+00
-1.316989776231260123e+01
-2.000000000000000000e+01
-2.000000000000000000e+01
-2.000000000000000000e+01
-2.000000000000000000e+01
-2.000000000000000000e+01
-2.000000000000000000e+01
-2.000000000000000000e+01
-2.000000000000000000e+01
-1.415361473199850728e+01
-1.126588648961889305e+01
0.000000000000000000e+00
-8.923870067950751661e+00
-1.462692544356391267e+01
-1.714310270609636788e+01
-3.901084666962130854e+00
-1.264700671353469374e+01
-2.000000000000000000e+01
-2.000000000000000000e+01
-2.000000000000000000e+01
-2.000000000000000000e+01
-2.000000000000000000e+01
-2.000000000000000000e+01
-2.000000000000000000e+01
-2.000000000000000000e+01
-8.904556167952536683e+00
-1.618875104260124331e+01
0.000000000000000000e+00
-8.778961705577078334e+00
-2.000000000000000000e+01
-2.000000000000000000e+01
-1.046896319361693628e+01
-2.000000000000000000e+01
-2.000000000000000000e+01
-2.000000000000000000e+01
-2.000000000000000000e+01
-2.000000000000000000e+01
-2.000000000000000000e+01
-2.000000000000000000e+01
-2.000000000000000000e+01
-2.000000000000000000e+01
-2.000000000000000000e+01
-2.000000000000000000e+01
0.000000000000000000e+00
-9.158651507814882464e+00
