-2.000000000000000000e+01
-4.773016524129150007e+00
0.000000000000000000e+00
-2.000000000000000000e+01
-2.000000000000000000e+01
-2.000000000000000000e+01
-2.000000000000000000e+01
-2.000000000000000000e+01
-2.000000000000000000e+01
-2.000000000000000000e+01
-2.000000000000000000e+01
-2.000000000000000000e+01
-2.000000000000000000e+01
-2.000000000000000000e+01
-2.037529224951385665e+00
-2.000000000000000000e+01
-2.000000000000000000e+01
-2.000000000000000000e+01
-2.000000000000000000e+01
-2.000000000000000000e+01
-2.000000000000000000e+01
0.000000000000000000e+00
-2.000000000000000000e+01
-7.920986063757814222e+00
-1.282928877160869341e+01
-1.326050633038812698e+01
-2.000000000000000000e+01
-3.528754291351184680e+00
-2.000000000000000000e+01
-2.000000000000000000e+01
-2.000000000000000000e+01
-2.000000000000000000e+01
-2.000000000000000000e+01
-2.000000000000000000e+01
-2.000000000000000000e+01
-2.000000000000000000e+01
-9.742951026145444615e+00
-2.000000000000000000e+01
-2.000000000000000000e+01
-3.286788766402231943e+00
0.000000000000000000e+00
-2.000000000000000000e+01
-2.000000000000000000e+01
-2.502204198802251867e+00
-2.000000000000000000e+01
-2.000000000000000000e+01
-2.000000000000000000e+01
-2.000000000000000000e+01
-2.000000000000000000e+01
-2.000000000000000000e+01
-2.000000000000000000e+01
-2.000000000000000000e+01
-2.000000000000000000e+01
-2.000000000000000000e+01
-2.000000000000000000e+01
-2.000000000000000000e+01
-2.000000000000000000e+01
-2.587622233321603904e+00
-2.000000000000000000e+01
-2.000000000000000000e+01
-1.229882951127777707e-01
0.000000000000000000e+00
-8.374851578967350552e-01
-5.765433217377901633e-04
-2.000000000000000000e+01
-2.000000000000000000e+01
0.000000000000000000e+00
-2.000000000000000000e+01
-2.000000000000000000e+01
-2.000000000000000000e+01
-2.000000000000000000e+01
-2.000000000000000000e+01
-2.000000000000000000e+01
-2.000000000000000000e+01
-2.000000000000000000e+01
-2.000000000000000000e+01
-2.000000000000000000e+01
-2.000000000000000000e+01
-2.000000000000000000e+01
-2.000000000000000000e+01
-2.000000000000000000e+01
-4.662764521512455573e+00
0.000000000000000000e+00
-1.122169811278543960e+01
-2.000000000000000000e+01
-2.000000000000000000e+01
-1.131092299785900224e+01
-2.000000000000000000e+01
-2.000000000000000000e+01
-2.000000000000000000e+01
-2.000000000000000000e+01
-2.000000000000000000e+01
-2.000000000000000000e+01
-1.483494650568973050e+01
-7.132527295262942602e+00
-2.000000000000000000e+01
-1.343146331863342624e+01
-1.509491948086576585e+01
0.000000000000000000e+00
-1.210144622343123721e+01
-2.000000000000000000e+01
-2.000000000000000000e+01
-2.000000000000000000e+01
-2.000000000000000000e+01
-2.000000000000000000e+01
-2.000000000000000000e+01
-2.000000000000000000e+01
-2.000000000000000000e+01
-2.000000000000000000e+01
-2.000000000000000000e+01
-1.096074277366976446e+01
-2.000000000000000000e+01
-2.000000000000000000e+01
-1.398631791895158294e+01
0.000000000000000000e+00
-2.000000000000000000e+01
-2.000000000000000000e+01
-2.000000000000000000e+01
-2.000000000000000000e+01
-2.000000000000000000e+01
-2.000000000000000000e+01
-2.000000000000000000e+01
-2.000000000000000000e+01
-2.000000000000000000e+01
-2.000000000000000000e+01
-2.000000000000000000e+01
-2.000000000000000000e+01
-2.000000000000000000e+01
