-2.000000000000000000e+01
-1.067351106771523206e+01
0.000000000000000000e+00
-9.784176071048563017e+00
-2.000000000000000000e+01
-2.000000000000000000e+01
-2.203287498034163683e+00
-2.000000000000000000e+01
-2.000000000000000000e+01
-2.000000000000000000e+01
-2.000000000000000000e+01
-2.000000000000000000e+01
-1.122243778458865791e-04
0.000000000000000000e+00
-2.000000000000000000e+01
-7.286490978712604205e-01
-2.000000000000000000e+01
-1.902510214671440281e+01
0.000000000000000000e+00
-1.737797512062097383e+01
-2.000000000000000000e+01
-2.000000000000000000e+01
-2.000000000000000000e+01
-2.000000000000000000e+01
-2.000000000000000000e+01
-1.113822959863876960e+01
0.000000000000000000e+00
-1.235256945319123290e+01
-2.000000000000000000e+01
-2.000000000000000000e+01
-1.576848971046987025e+01
-2.000000000000000000e+01
