-9.022408412317460602e+00
-3.230377274935558152e+00
-2.631004321390315037e-01
0.000000000000000000e+00
-2.000000000000000000e+01
-2.000000000000000000e+01
-2.000000000000000000e+01
-2.000000000000000000e+01
-2.000000000000000000e+01
-3.821108843444830594e+00
-1.093031668980428073e+01
-2.000000000000000000e+01
-2.000000000000000000e+01
-2.000000000000000000e+01
-2.000000000000000000e+01
-2.000000000000000000e+01
-2.000000000000000000e+01
-2.000000000000000000e+01
-2.000000000000000000e+01
-2.000000000000000000e+01
-1.880292450965243134e+01
0.000000000000000000e+00
-2.000000000000000000e+01
-4.952060667476470890e+00
-4.195599764783779939e+00
-8.402466713663960363e+00
-2.000000000000000000e+01
-3.286763769746906760e+00
-2.000000000000000000e+01
-2.000000000000000000e+01
-2.000000000000000000e+01
-2.000000000000000000e+01
-2.000000000000000000e+01
-2.000000000000000000e+01
-2.000000000000000000e+01
-2.000000000000000000e+01
-8.460182492655397013e+00
-8.252564033799725252e+00
-2.000000000000000000e+01
-2.867703341907538395e+00
0.000000000000000000e+00
-1.825961480565896622e+01
-1.894788533951523135e+01
-4.637840774855291670e+00
-2.000000000000000000e+01
-2.000000000000000000e+01
-2.000000000000000000e+01
-2.000000000000000000e+01
-2.000000000000000000e+01
-2.000000000000000000e+01
-2.449344464831040291e+00
-2.000000000000000000e+01
-2.000000000000000000e+01
-2.000000000000000000e+01
-2.000000000000000000e+01
-2.000000000000000000e+01
-2.000000000000000000e+01
-2.000000000000000000e+01
-2.000000000000000000e+01
-2.000000000000000000e+01
-2.000000000000000000e+01
-2.000000000000000000e+01
0.000000000000000000e+00
-1.254063384668903147e+01
-2.000000000000000000e+01
-1.832986364448667516e+01
-6.569761210285270714e+00
-1.551934326096740335e+01
-2.000000000000000000e+01
-2.000000000000000000e+01
-2.000000000000000000e+01
-2.000000000000000000e+01
-2.000000000000000000e+01
-2.000000000000000000e+01
-2.000000000000000000e+01
-2.000000000000000000e+01
-1.192065031432209032e+01
-1.455025230230351418e+01
0.000000000000000000e+00
-7.729288461072473915e+00
-1.894118224921588123e+01
-1.291977305261504938e+01
-4.222558551922912962e+00
-1.307017565495785405e+01
-2.000000000000000000e+01
-2.000000000000000000e+01
-2.000000000000000000e+01
-2.000000000000000000e+01
-2.000000000000000000e+01
-2.000000000000000000e+01
-2.000000000000000000e+01
-2.000000000000000000e+01
-1.320998700786940994e+01
-1.084685403222737143e+01
0.000000000000000000e+00
-8.927156808418198253e+00
-1.405030295193092904e+01
-1.619639025182522118e+01
-3.811026286858679946e+00
-1.254052477982705582e+01
-2.000000000000000000e+01
-2.000000000000000000e+01
-2.000000000000000000e+01
-2.000000000000000000e+01
-2.000000000000000000e+01
-2.000000000000000000e+01
-2.000000000000000000e+01
-2.000000000000000000e+01
-8.404601807768239397e+00
-1.527919583595759612e+01
0.000000000000000000e+00
-8.781210877644216595e+00
-2.000000000000000000e+01
-2.000000000000000000e+01
-9.682437065794969655e+00
-2.000000000000000000e+01
-2.000000000000000000e+01
-2.000000000000000000e+01
-2.000000000000000000e+01
-2.000000000000000000e+01
-2.000000000000000000e+01
-2.000000000000000000e+01
-2.000000000000000000e+01
-2.000000000000000000e+01
-2.000000000000000000e+01
-2.000000000000000000e+01
0.000000000000000000e+00
-8.988108914173119857e+00
