-2.000000000000000000e+01
-2.000000000000000000e+01
0.000000000000000000e+00
-1.641080612393430371e+01
-2.000000000000000000e+01
-2.000000000000000000e+01
-1.982789474151507969e+00
-2.000000000000000000e+01
-2.000000000000000000e+01
-2.000000000000000000e+01
-2.000000000000000000e+01
-2.000000000000000000e+01
-2.000000000000000000e+01
-2.000000000000000000e+01
-2.000000000000000000e+01
-2.000000000000000000e+01
-2.000000000000000000e+01
-1.862313525338641540e+01
-3.541772182457931240e-01
0.000000000000000000e+00
-2.000000000000000000e+01
-2.000000000000000000e+01
-3.181167168164842796e+00
-1.821240730277133579e+01
-2.000000000000000000e+01
-2.000000000000000000e+01
-2.000000000000000000e+01
-2.000000000000000000e+01
-2.000000000000000000e+01
-2.000000000000000000e+01
-2.000000000000000000e+01
-2.000000000000000000e+01
0.000000000000000000e+00
-7.736452164576247432e-05
-2.000000000000000000e+01
-1.246408988128060891e+00
-2.000000000000000000e+01
-2.000000000000000000e+01
0.000000000000000000e+00
-1.367029610833241193e+01
-2.000000000000000000e+01
-2.000000000000000000e+01
-1.436995733934436181e+01
-2.000000000000000000e+01
-2.000000000000000000e+01
-2.000000000000000000e+01
-2.000000000000000000e+01
-2.000000000000000000e+01
-2.000000000000000000e+01
-2.000000000000000000e+01
0.000000000000000000e+00
-1.280647449998748399e+01
-2.000000000000000000e+01
-2.000000000000000000e+01
-9.042447627968661195e+00
-2.000000000000000000e+01
-2.000000000000000000e+01
-2.000000000000000000e+01
-2.000000000000000000e+01
-2.000000000000000000e+01
-2.000000000000000000e+01
-2.000000000000000000e+01
0.000000000000000000e+00
-1.040869360962312307e+01
-2.000000000000000000e+01
-2.000000000000000000e+01
-8.498842237723694737e+00
-2.000000000000000000e+01
-2.000000000000000000e+01
-2.000000000000000000e+01
-2.000000000000000000e+01
-2.000000000000000000e+01
