-2.000000000000000000e+01
-2.000000000000000000e+01
0.000000000000000000e+00
-1.354294035090277859e+01
-2.000000000000000000e+01
-2.000000000000000000e+01
-2.231425671502120345e+00
-2.000000000000000000e+01
-2.000000000000000000e+01
-2.000000000000000000e+01
-2.000000000000000000e+01
-2.000000000000000000e+01
-2.000000000000000000e+01
-2.000000000000000000e+01
-2.000000000000000000e+01
-2.000000000000000000e+01
-2.000000000000000000e+01
-7.622352688601528037e+00
-3.063474153511176468e-01
0.000000000000000000e+00
-2.000000000000000000e+01
-2.000000000000000000e+01
-3.417296143963589827e+00
-1.599739847704970330e+01
-2.000000000000000000e+01
-2.000000000000000000e+01
-2.000000000000000000e+01
-2.000000000000000000e+01
-2.000000000000000000e+01
-2.000000000000000000e+01
-2.000000000000000000e+01
-2.000000000000000000e+01
0.000000000000000000e+00
-3.700049091123474719e-04
-2.000000000000000000e+01
-1.136962934991143426e+00
-2.000000000000000000e+01
-1.979349641412482441e+01
0.000000000000000000e+00
-9.215791541621390692e+00
-2.000000000000000000e+01
-2.000000000000000000e+01
-1.110361768573690178e+01
-2.000000000000000000e+01
-2.000000000000000000e+01
-2.000000000000000000e+01
-2.000000000000000000e+01
-2.000000000000000000e+01
-1.440888973795273742e+01
-1.093770192627147786e+01
0.000000000000000000e+00
-8.199816327204104027e+00
-1.850513840789939124e+01
-1.753686604409050886e+01
-6.423661261598101468e+00
-1.479863863386504086e+01
-2.000000000000000000e+01
-2.000000000000000000e+01
-2.000000000000000000e+01
-2.000000000000000000e+01
-1.790567255443481187e+01
-1.394964221912839442e+01
0.000000000000000000e+00
-9.126979096544534542e+00
-2.000000000000000000e+01
-2.000000000000000000e+01
-8.182610208456528866e+00
-1.825991749685336529e+01
-2.000000000000000000e+01
-2.000000000000000000e+01
-2.000000000000000000e+01
-2.000000000000000000e+01
