-2.000000000000000000e+01
0.000000000000000000e+00
-2.000000000000000000e+01
-3.957740216017259005e+00
-1.419372498476113087e+01
-2.334878782172545186e+00
-2.000000000000000000e+01
-2.000000000000000000e+01
-2.361453689651913823e+00
-6.350758575020155838e+00
-2.000000000000000000e+01
-2.000000000000000000e+01
0.000000000000000000e+00
-2.000000000000000000e+01
-2.000000000000000000e+01
-4.077936631808298351e+00
-2.000000000000000000e+01
-2.000000000000000000e+01
0.000000000000000000e+00
-2.000000000000000000e+01
-2.000000000000000000e+01
-2.000000000000000000e+01
-2.000000000000000000e+01
-2.000000000000000000e+01
-2.000000000000000000e+01
-2.000000000000000000e+01
-2.000000000000000000e+01
-2.000000000000000000e+01
-2.000000000000000000e+01
-2.000000000000000000e+01
0.000000000000000000e+00
-2.000000000000000000e+01
