-2.757738157747032126e+00
-2.000000000000000000e+01
0.000000000000000000e+00
-2.000000000000000000e+01
-2.000000000000000000e+01
-2.000000000000000000e+01
-2.000000000000000000e+01
-2.000000000000000000e+01
-2.721185056115771772e+00
-2.000000000000000000e+01
-2.000000000000000000e+01
-2.000000000000000000e+01
-2.000000000000000000e+01
-2.000000000000000000e+01
-2.000000000000000000e+01
-2.000000000000000000e+01
0.000000000000000000e+00
-2.000000000000000000e+01
-2.000000000000000000e+01
-6.069331548856662373e+00
-1.465306259997309546e+01
-6.423505804654735307e+00
-2.000000000000000000e+01
-3.247347163113545321e+00
-2.000000000000000000e+01
-2.000000000000000000e+01
-2.000000000000000000e+01
-2.000000000000000000e+01
-2.000000000000000000e+01
-2.916586431159458037e+00
-2.000000000000000000e+01
-2.000000000000000000e+01
-1.899038935892887281e+01
0.000000000000000000e+00
-2.000000000000000000e+01
-1.780302250945449805e+00
-2.000000000000000000e+01
-1.992032347833424666e+01
0.000000000000000000e+00
-2.000000000000000000e+01
-2.000000000000000000e+01
-2.000000000000000000e+01
-2.000000000000000000e+01
-2.000000000000000000e+01
-2.000000000000000000e+01
-2.000000000000000000e+01
-2.000000000000000000e+01
-2.000000000000000000e+01
-1.396225198636617471e+01
-1.729278022832828299e+01
0.000000000000000000e+00
-1.167490591423282176e+01
-2.000000000000000000e+01
-2.000000000000000000e+01
-2.000000000000000000e+01
-2.000000000000000000e+01
-2.000000000000000000e+01
-2.000000000000000000e+01
-2.000000000000000000e+01
-2.000000000000000000e+01
-2.000000000000000000e+01
-7.487309004485271480e+00
0.000000000000000000e+00
-1.361682949076522320e+01
-2.000000000000000000e+01
-2.000000000000000000e+01
-2.000000000000000000e+01
-2.000000000000000000e+01
-2.000000000000000000e+01
-2.000000000000000000e+01
-2.000000000000000000e+01
-2.000000000000000000e+01
