-2.000000000000000000e+01
-2.000000000000000000e+01
0.000000000000000000e+00
-1.112816963995281583e+01
-2.000000000000000000e+01
-2.000000000000000000e+01
-2.000000000000000000e+01
-2.000000000000000000e+01
-2.000000000000000000e+01
-2.000000000000000000e+01
-1.464944289726841653e+00
-2.000000000000000000e+01
-2.000000000000000000e+01
-2.000000000000000000e+01
-2.000000000000000000e+01
-2.000000000000000000e+01
0.000000000000000000e+00
-3.996692562977302837e-04
-2.000000000000000000e+01
-8.209558656592794712e-01
-2.000000000000000000e+01
-2.000000000000000000e+01
-2.000000000000000000e+01
-2.000000000000000000e+01
-2.000000000000000000e+01
-2.000000000000000000e+01
-2.000000000000000000e+01
-2.000000000000000000e+01
-1.812726059291120251e+01
-1.278335776440823146e+01
-1.491027634026021120e+00
-6.014955620674400372e+00
-1.124850516666284683e+01
-6.412501446028469054e+00
0.000000000000000000e+00
-2.580350845939221593e-01
-2.000000000000000000e+01
-2.000000000000000000e+01
0.000000000000000000e+00
-1.132278708304929005e+01
-2.000000000000000000e+01
-2.000000000000000000e+01
-2.000000000000000000e+01
-2.000000000000000000e+01
-2.000000000000000000e+01
-2.000000000000000000e+01
-8.688986433306142843e+00
-2.000000000000000000e+01
-1.775723363024433255e+01
-1.227062240398326054e+01
0.000000000000000000e+00
-1.013210521806305486e+01
-2.000000000000000000e+01
-2.000000000000000000e+01
-1.405311651922245986e+01
-2.000000000000000000e+01
-1.978753877170697351e+01
-2.000000000000000000e+01
-4.989805559533030177e+00
-1.681896102661903569e+01
-1.574327506019109713e+01
-1.298595918344524058e+01
0.000000000000000000e+00
-1.129342243208299834e+01
-2.000000000000000000e+01
-2.000000000000000000e+01
-1.247137001213932272e+01
-2.000000000000000000e+01
-1.850226527775746632e+01
-1.783384415030989700e+01
-4.477466290096811186e+00
-1.600881880158692283e+01
