0.000000000000000000e+00
-2.239071101989051457e-04
-1.315633631369593104e+01
-1.155061135983732751e-01
-2.000000000000000000e+01
-2.000000000000000000e+01
-2.000000000000000000e+01
-2.000000000000000000e+01
-2.000000000000000000e+01
-2.000000000000000000e+01
-3.249654256518252460e+00
-2.000000000000000000e+01
-2.000000000000000000e+01
-2.000000000000000000e+01
0.000000000000000000e+00
-1.158730510451247042e+01
-2.000000000000000000e+01
-2.000000000000000000e+01
-2.000000000000000000e+01
-2.000000000000000000e+01
-1.480358417998093756e+01
-2.000000000000000000e+01
0.000000000000000000e+00
-1.192539050094687525e+01
-2.000000000000000000e+01
-2.000000000000000000e+01
-2.000000000000000000e+01
-2.000000000000000000e+01
-1.087595790461705647e+01
-2.000000000000000000e+01
0.000000000000000000e+00
-9.736796868275854777e+00
