-2.000000000000000000e+01
-1.395695683981439217e+01
0.000000000000000000e+00
-8.263901029330742887e+00
-2.000000000000000000e+01
-2.000000000000000000e+01
-2.855344687548253102e+00
-2.000000000000000000e+01
-2.000000000000000000e+01
-2.000000000000000000e+01
-2.000000000000000000e+01
-2.000000000000000000e+01
-1.781644666887907181e-04
0.000000000000000000e+00
-1.196848491824818161e+01
-4.670529687078965875e-01
-2.000000000000000000e+01
-1.011665806968343695e+01
0.000000000000000000e+00
-9.440524805307811462e+00
-2.000000000000000000e+01
-2.000000000000000000e+01
-2.000000000000000000e+01
-2.000000000000000000e+01
-1.618645719030932995e+01
-1.158223609448350544e+01
0.000000000000000000e+00
-1.091518040507430953e+01
-2.000000000000000000e+01
-2.000000000000000000e+01
-1.208229358056069636e+01
-2.000000000000000000e+01
