-1.364481397018496800e+01
-2.000000000000000000e+01
0.000000000000000000e+00
-2.000000000000000000e+01
-3.521853361086259682e+00
-2.000000000000000000e+01
-2.000000000000000000e+01
-2.000000000000000000e+01
-2.000000000000000000e+01
-9.940070178595773243e+00
-2.000000000000000000e+01
-2.000000000000000000e+01
-2.000000000000000000e+01
-2.000000000000000000e+01
-2.000000000000000000e+01
-2.000000000000000000e+01
-2.000000000000000000e+01
0.000000000000000000e+00
-2.000000000000000000e+01
-4.204388458723729016e+00
-6.197632927863660157e+00
-9.654033932712993149e+00
-2.000000000000000000e+01
-2.674507011762162101e+00
-2.000000000000000000e+01
-2.000000000000000000e+01
-2.000000000000000000e+01
-2.000000000000000000e+01
-1.083699947374182138e+01
-1.112206625115546466e+01
-2.000000000000000000e+01
-2.724733141682016413e+00
0.000000000000000000e+00
-2.000000000000000000e+01
-2.000000000000000000e+01
-3.939450364666171378e+00
-2.000000000000000000e+01
-1.660687159898157006e+01
0.000000000000000000e+00
-1.492346207959855953e+01
-2.000000000000000000e+01
-2.000000000000000000e+01
-2.000000000000000000e+01
-2.000000000000000000e+01
-2.000000000000000000e+01
-2.000000000000000000e+01
-2.000000000000000000e+01
-2.000000000000000000e+01
-2.000000000000000000e+01
-5.697386590979678367e+00
0.000000000000000000e+00
-8.797532204992130289e+00
-2.000000000000000000e+01
-2.000000000000000000e+01
-2.000000000000000000e+01
-2.000000000000000000e+01
-2.000000000000000000e+01
-2.000000000000000000e+01
-2.000000000000000000e+01
-2.000000000000000000e+01
-1.306225968926211856e+01
-1.035889634132717241e+01
0.000000000000000000e+00
-7.308492413955419487e+00
-2.000000000000000000e+01
-2.000000000000000000e+01
-2.000000000000000000e+01
-2.000000000000000000e+01
-2.000000000000000000e+01
-2.000000000000000000e+01
-2.000000000000000000e+01
-2.000000000000000000e+01
