-2.000000000000000000e+01
-2.000000000000000000e+01
0.000000000000000000e+00
-2.000000000000000000e+01
-2.000000000000000000e+01
-2.000000000000000000e+01
-4.379368455013243455e+00
-2.000000000000000000e+01
-2.000000000000000000e+01
-2.000000000000000000e+01
-2.000000000000000000e+01
-2.000000000000000000e+01
-2.000000000000000000e+01
-2.000000000000000000e+01
-2.000000000000000000e+01
-2.000000000000000000e+01
-2.000000000000000000e+01
-2.000000000000000000e+01
0.000000000000000000e+00
-9.621438711401726351e+00
-2.000000000000000000e+01
-2.000000000000000000e+01
-3.787342364308019516e+00
-1.535359670519634179e+01
-2.000000000000000000e+01
-2.000000000000000000e+01
-2.000000000000000000e+01
-2.000000000000000000e+01
-5.113210496800055793e+00
-5.113210730484918365e+00
-1.214119614624061683e+01
-1.695383190479851265e+01
-1.355950176345218194e+00
-1.355950173422853622e+00
-2.000000000000000000e+01
0.000000000000000000e+00
-2.000000000000000000e+01
-2.000000000000000000e+01
0.000000000000000000e+00
-9.759161915158571787e+00
-2.000000000000000000e+01
-2.000000000000000000e+01
-1.869256857600013078e+01
-2.000000000000000000e+01
-2.000000000000000000e+01
-2.000000000000000000e+01
-2.000000000000000000e+01
-2.000000000000000000e+01
-2.000000000000000000e+01
-1.720226887868808419e+01
0.000000000000000000e+00
-8.304165259925060383e+00
-2.000000000000000000e+01
-2.000000000000000000e+01
-7.920565134657130635e+00
-1.663687104943245743e+01
-2.000000000000000000e+01
-2.000000000000000000e+01
-2.000000000000000000e+01
-2.000000000000000000e+01
-1.965406341624043307e+01
-1.569861883558862736e+01
0.000000000000000000e+00
-9.117091171844890596e+00
-2.000000000000000000e+01
-2.000000000000000000e+01
-8.943807391381229266e+00
-1.927129921798292855e+01
-2.000000000000000000e+01
-2.000000000000000000e+01
-2.000000000000000000e+01
-2.000000000000000000e+01
