-2.000000000000000000e+01
-2.000000000000000000e+01
0.000000000000000000e+00
-2.000000000000000000e+01
-2.000000000000000000e+01
-2.000000000000000000e+01
-2.000000000000000000e+01
-2.000000000000000000e+01
-2.000000000000000000e+01
-5.298856481453674050e+00
-2.000000000000000000e+01
-2.000000000000000000e+01
-2.000000000000000000e+01
-2.000000000000000000e+01
-2.000000000000000000e+01
-2.000000000000000000e+01
-2.000000000000000000e+01
0.000000000000000000e+00
-2.000000000000000000e+01
-6.372219292993792195e+00
-3.048338111618073221e+00
-1.250715027368967824e+01
-2.000000000000000000e+01
-6.936428217680200348e+00
-2.000000000000000000e+01
-2.000000000000000000e+01
-2.000000000000000000e+01
-2.000000000000000000e+01
-2.862371919112689955e+00
-1.953476138699638298e+01
-2.000000000000000000e+01
-6.081233984127347725e+00
0.000000000000000000e+00
-1.600532054098907508e+01
-1.558108074560983169e+01
-1.670038094346302016e+00
-2.000000000000000000e+01
-2.000000000000000000e+01
0.000000000000000000e+00
-1.788391924480707829e+01
-2.000000000000000000e+01
-2.000000000000000000e+01
-2.000000000000000000e+01
-2.000000000000000000e+01
-2.000000000000000000e+01
-2.000000000000000000e+01
-2.000000000000000000e+01
-2.000000000000000000e+01
-2.000000000000000000e+01
-6.084981655262805766e+00
0.000000000000000000e+00
-9.349984478272993726e+00
-2.000000000000000000e+01
-2.000000000000000000e+01
-2.000000000000000000e+01
-2.000000000000000000e+01
-2.000000000000000000e+01
-2.000000000000000000e+01
-2.000000000000000000e+01
-2.000000000000000000e+01
-1.549502697108747640e+01
-1.242230000713936278e+01
0.000000000000000000e+00
-9.633933255833763809e+00
-2.000000000000000000e+01
-2.000000000000000000e+01
-2.000000000000000000e+01
-2.000000000000000000e+01
-2.000000000000000000e+01
-2.000000000000000000e+01
-2.000000000000000000e+01
-2.000000000000000000e+01
