-2.000000000000000000e+01
-2.000000000000000000e+01
0.000000000000000000e+00
-2.000000000000000000e+01
-5.703977278831004583e+00
-2.000000000000000000e+01
-1.583683815901160763e+01
-2.000000000000000000e+01
-2.000000000000000000e+01
-2.000000000000000000e+01
-2.000000000000000000e+01
-2.000000000000000000e+01
-2.000000000000000000e+01
-2.000000000000000000e+01
-2.000000000000000000e+01
-2.000000000000000000e+01
-2.000000000000000000e+01
0.000000000000000000e+00
-2.000000000000000000e+01
-3.376330159254420149e+00
-1.184393593306939074e+01
-1.471681479386284330e+01
-2.000000000000000000e+01
-2.900240866559334663e+00
-8.063595891674284033e+00
-2.000000000000000000e+01
-1.021996890661787027e+01
-1.334971343213432959e+01
-1.498776280477651746e+01
-1.522518916534076538e+01
-2.000000000000000000e+01
-2.936926487896622806e+00
0.000000000000000000e+00
-2.000000000000000000e+01
-2.000000000000000000e+01
-4.713660144641468541e+00
-2.000000000000000000e+01
-2.000000000000000000e+01
0.000000000000000000e+00
-1.565088949372748139e+01
-2.000000000000000000e+01
-2.000000000000000000e+01
-2.000000000000000000e+01
-2.000000000000000000e+01
-2.000000000000000000e+01
-2.000000000000000000e+01
-2.000000000000000000e+01
-2.000000000000000000e+01
-2.000000000000000000e+01
-6.475973196811422916e+00
0.000000000000000000e+00
-8.816110211782687500e+00
-2.000000000000000000e+01
-2.000000000000000000e+01
-2.000000000000000000e+01
-2.000000000000000000e+01
-2.000000000000000000e+01
-2.000000000000000000e+01
-2.000000000000000000e+01
-2.000000000000000000e+01
-1.362402219953227700e+01
-1.163794746508872002e+01
0.000000000000000000e+00
-7.323298977068538385e+00
-2.000000000000000000e+01
-2.000000000000000000e+01
-2.000000000000000000e+01
-2.000000000000000000e+01
-2.000000000000000000e+01
-2.000000000000000000e+01
-2.000000000000000000e+01
-2.000000000000000000e+01
